<?xml version="1.0" encoding="utf-8"?><testsuites><testsuite name="pytest" errors="0" failures="0" skipped="0" tests="3" time="0.683" timestamp="2024-08-29T20:56:03.676030" hostname="Ubuntu-22"><testcase classname="examples_rclpy_executors.executors.test.test_copyright" name="test_copyright" time="0.341" /><testcase classname="examples_rclpy_executors.executors.test.test_flake8" name="test_flake8" time="0.161" /><testcase classname="examples_rclpy_executors.executors.test.test_pep257" name="test_pep257" time="0.050" /></testsuite></testsuites>